<?xml version="1.0" encoding="UTF-8"?>
<testng-results ignored="0" total="1" passed="1" failed="0" skipped="0">
  <reporter-output>
  </reporter-output>
  <suite started-at="2024-09-06T17:32:46 IST" name="Default suite" finished-at="2024-09-06T17:32:55 IST" duration-ms="9023">
    <groups>
    </groups>
    <test started-at="2024-09-06T17:32:46 IST" name="Default test" finished-at="2024-09-06T17:32:55 IST" duration-ms="9023">
      <class name="testsqlcases.TextBoxCase">
        <test-method is-config="true" signature="Startup()[pri:0, instance:testsqlcases.TextBoxCase@19e4653c]" started-at="2024-09-06T17:32:46 IST" name="Startup" finished-at="2024-09-06T17:32:54 IST" duration-ms="8358" status="PASS">
          <reporter-output>
          </reporter-output>
        </test-method> <!-- Startup -->
        <test-method signature="form()[pri:0, instance:testsqlcases.TextBoxCase@19e4653c]" started-at="2024-09-06T17:32:54 IST" name="form" finished-at="2024-09-06T17:32:55 IST" duration-ms="457" status="PASS">
          <reporter-output>
          </reporter-output>
        </test-method> <!-- form -->
        <test-method is-config="true" signature="quit()[pri:0, instance:testsqlcases.TextBoxCase@19e4653c]" started-at="2024-09-06T17:32:55 IST" name="quit" finished-at="2024-09-06T17:32:55 IST" duration-ms="166" status="PASS">
          <reporter-output>
          </reporter-output>
        </test-method> <!-- quit -->
      </class> <!-- testsqlcases.TextBoxCase -->
    </test> <!-- Default test -->
  </suite> <!-- Default suite -->
</testng-results>
